Traceback (most recent call last):
  File "/home/lohith/miniconda3/envs/ioos/lib/python3.6/site-packages/jupyter_cache/executors/utils.py", line 56, in single_nb_execution
    record_timing=False,
  File "/home/lohith/miniconda3/envs/ioos/lib/python3.6/site-packages/nbclient/client.py", line 1112, in execute
    return NotebookClient(nb=nb, resources=resources, km=km, **kwargs).execute()
  File "/home/lohith/miniconda3/envs/ioos/lib/python3.6/site-packages/nbclient/util.py", line 74, in wrapped
    return just_run(coro(*args, **kwargs))
  File "/home/lohith/miniconda3/envs/ioos/lib/python3.6/site-packages/nbclient/util.py", line 53, in just_run
    return loop.run_until_complete(coro)
  File "/home/lohith/miniconda3/envs/ioos/lib/python3.6/asyncio/base_events.py", line 488, in run_until_complete
    return future.result()
  File "/home/lohith/miniconda3/envs/ioos/lib/python3.6/site-packages/nbclient/client.py", line 554, in async_execute
    cell, index, execution_count=self.code_cells_executed + 1
  File "/home/lohith/miniconda3/envs/ioos/lib/python3.6/site-packages/nbclient/client.py", line 857, in async_execute_cell
    self._check_raise_for_error(cell, exec_reply)
  File "/home/lohith/miniconda3/envs/ioos/lib/python3.6/site-packages/nbclient/client.py", line 760, in _check_raise_for_error
    raise CellExecutionError.from_cell_and_msg(cell, exec_reply_content)
nbclient.exceptions.CellExecutionError: An error occurred while executing the following cell:
------------------
from owslib import fes


def fes_date_filter(start, stop, constraint="overlaps"):
    """
    Take datetime-like objects and returns a fes filter for date range
    (begin and end inclusive).
    NOTE: Truncates the minutes!!!

    Examples
    --------
    >>> from datetime import datetime, timedelta
    >>> stop = datetime(2010, 1, 1, 12, 30, 59).replace(tzinfo=pytz.utc)
    >>> start = stop - timedelta(days=7)
    >>> begin, end = fes_date_filter(start, stop, constraint='overlaps')
    >>> begin.literal, end.literal
    ('2010-01-01 12:00', '2009-12-25 12:00')
    >>> begin.propertyoperator, end.propertyoperator
    ('ogc:PropertyIsLessThanOrEqualTo', 'ogc:PropertyIsGreaterThanOrEqualTo')
    >>> begin, end = fes_date_filter(start, stop, constraint='within')
    >>> begin.literal, end.literal
    ('2009-12-25 12:00', '2010-01-01 12:00')
    >>> begin.propertyoperator, end.propertyoperator
    ('ogc:PropertyIsGreaterThanOrEqualTo', 'ogc:PropertyIsLessThanOrEqualTo')

    """
    start = start.strftime("%Y-%m-%d %H:00")
    stop = stop.strftime("%Y-%m-%d %H:00")
    if constraint == "overlaps":
        propertyname = "apiso:TempExtent_begin"
        begin = fes.PropertyIsLessThanOrEqualTo(propertyname=propertyname, literal=stop)
        propertyname = "apiso:TempExtent_end"
        end = fes.PropertyIsGreaterThanOrEqualTo(
            propertyname=propertyname, literal=start
        )
    elif constraint == "within":
        propertyname = "apiso:TempExtent_begin"
        begin = fes.PropertyIsGreaterThanOrEqualTo(
            propertyname=propertyname, literal=start
        )
        propertyname = "apiso:TempExtent_end"
        end = fes.PropertyIsLessThanOrEqualTo(propertyname=propertyname, literal=stop)
    else:
        raise NameError("Unrecognized constraint {}".format(constraint))
    return begin, end
------------------

[0;31m---------------------------------------------------------------------------[0m
[0;31mModuleNotFoundError[0m                       Traceback (most recent call last)
[0;32m<ipython-input-2-88aca31e13ed>[0m in [0;36m<module>[0;34m[0m
[0;32m----> 1[0;31m [0;32mfrom[0m [0mowslib[0m [0;32mimport[0m [0mfes[0m[0;34m[0m[0;34m[0m[0m
[0m[1;32m      2[0m [0;34m[0m[0m
[1;32m      3[0m [0;34m[0m[0m
[1;32m      4[0m [0;32mdef[0m [0mfes_date_filter[0m[0;34m([0m[0mstart[0m[0;34m,[0m [0mstop[0m[0;34m,[0m [0mconstraint[0m[0;34m=[0m[0;34m"overlaps"[0m[0;34m)[0m[0;34m:[0m[0;34m[0m[0;34m[0m[0m
[1;32m      5[0m     """

[0;31mModuleNotFoundError[0m: No module named 'owslib'
ModuleNotFoundError: No module named 'owslib'

