Traceback (most recent call last):
  File "/home/lohith/miniconda3/envs/ioos/lib/python3.6/site-packages/jupyter_cache/executors/utils.py", line 56, in single_nb_execution
    record_timing=False,
  File "/home/lohith/miniconda3/envs/ioos/lib/python3.6/site-packages/nbclient/client.py", line 1112, in execute
    return NotebookClient(nb=nb, resources=resources, km=km, **kwargs).execute()
  File "/home/lohith/miniconda3/envs/ioos/lib/python3.6/site-packages/nbclient/util.py", line 74, in wrapped
    return just_run(coro(*args, **kwargs))
  File "/home/lohith/miniconda3/envs/ioos/lib/python3.6/site-packages/nbclient/util.py", line 53, in just_run
    return loop.run_until_complete(coro)
  File "/home/lohith/miniconda3/envs/ioos/lib/python3.6/asyncio/base_events.py", line 488, in run_until_complete
    return future.result()
  File "/home/lohith/miniconda3/envs/ioos/lib/python3.6/site-packages/nbclient/client.py", line 554, in async_execute
    cell, index, execution_count=self.code_cells_executed + 1
  File "/home/lohith/miniconda3/envs/ioos/lib/python3.6/site-packages/nbclient/client.py", line 857, in async_execute_cell
    self._check_raise_for_error(cell, exec_reply)
  File "/home/lohith/miniconda3/envs/ioos/lib/python3.6/site-packages/nbclient/client.py", line 760, in _check_raise_for_error
    raise CellExecutionError.from_cell_and_msg(cell, exec_reply_content)
nbclient.exceptions.CellExecutionError: An error occurred while executing the following cell:
------------------
import iris

iris.FUTURE.netcdf_promote = True


# Get this specific glider because it looks cool ;-)
for deployment in deployments:
    if deployment["name"] == "sp064-20161214T1913":
        url = deployment["dap"]

# See https://github.com/Unidata/netcdf-c/issues/1299 for the explanation of `#fillmismatch`.
cubes = iris.load_raw("".join([url, "#fillmismatch"]))

print(cubes)
------------------

[0;31m---------------------------------------------------------------------------[0m
[0;31mRuntimeError[0m                              Traceback (most recent call last)
[0;32m<ipython-input-3-2f358a9597ea>[0m in [0;36m<module>[0;34m[0m
[0;32m----> 1[0;31m [0;32mimport[0m [0miris[0m[0;34m[0m[0;34m[0m[0m
[0m[1;32m      2[0m [0;34m[0m[0m
[1;32m      3[0m [0miris[0m[0;34m.[0m[0mFUTURE[0m[0;34m.[0m[0mnetcdf_promote[0m [0;34m=[0m [0;32mTrue[0m[0;34m[0m[0;34m[0m[0m
[1;32m      4[0m [0;34m[0m[0m
[1;32m      5[0m [0;34m[0m[0m

[0;32m~/miniconda3/envs/ioos/lib/python3.6/site-packages/iris/__init__.py[0m in [0;36m<module>[0;34m[0m
[1;32m     20[0m   [0;34m-[0m [0mhttps[0m[0;34m:[0m[0;34m//[0m[0mpypi[0m[0;34m.[0m[0morg[0m[0;34m/[0m[0mproject[0m[0;34m/[0m[0mirisapi[0m[0;34m/[0m[0;34m[0m[0;34m[0m[0m
[1;32m     21[0m   [0;34m-[0m [0mhttps[0m[0;34m:[0m[0;34m//[0m[0miris[0m[0;34m.[0m[0mclaims[0m[0;34m/[0m[0;34m[0m[0;34m[0m[0m
[0;32m---> 22[0;31m """)
[0m
[0;31mRuntimeError[0m: 

Ambiguous 'iris' package.
Please use either:

**illumon-iris** - Python integration for Illumon Iris, a time-series database
  - pip install illumon-iris
  - https://pypi.python.org/pypi/illumon-iris
  - https://deephaven.io/

**SciTools Iris** - Python library for analysing and visualising meteorological and oceanographic data sets
  - http://scitools.org.uk/iris/

**info.gianlucacosta.iris** - A general-purpose library for Python
  - pip install info.gianlucacosta.iris
  - https://pypi.python.org/pypi/info.gianlucacosta.iris

**irisapi** - Iris is a highly configurable and flexible service for paging and messaging
  - pip install irisapi
  - https://pypi.org/project/irisapi/
  - https://iris.claims/

RuntimeError: 

Ambiguous 'iris' package.
Please use either:

**illumon-iris** - Python integration for Illumon Iris, a time-series database
  - pip install illumon-iris
  - https://pypi.python.org/pypi/illumon-iris
  - https://deephaven.io/

**SciTools Iris** - Python library for analysing and visualising meteorological and oceanographic data sets
  - http://scitools.org.uk/iris/

**info.gianlucacosta.iris** - A general-purpose library for Python
  - pip install info.gianlucacosta.iris
  - https://pypi.python.org/pypi/info.gianlucacosta.iris

**irisapi** - Iris is a highly configurable and flexible service for paging and messaging
  - pip install irisapi
  - https://pypi.org/project/irisapi/
  - https://iris.claims/


