Traceback (most recent call last):
  File "/home/lohith/miniconda3/envs/IOOS/lib/python3.9/site-packages/jupyter_cache/executors/utils.py", line 51, in single_nb_execution
    executenb(
  File "/home/lohith/miniconda3/envs/IOOS/lib/python3.9/site-packages/nbclient/client.py", line 1112, in execute
    return NotebookClient(nb=nb, resources=resources, km=km, **kwargs).execute()
  File "/home/lohith/miniconda3/envs/IOOS/lib/python3.9/site-packages/nbclient/util.py", line 74, in wrapped
    return just_run(coro(*args, **kwargs))
  File "/home/lohith/miniconda3/envs/IOOS/lib/python3.9/site-packages/nbclient/util.py", line 53, in just_run
    return loop.run_until_complete(coro)
  File "/home/lohith/miniconda3/envs/IOOS/lib/python3.9/asyncio/base_events.py", line 642, in run_until_complete
    return future.result()
  File "/home/lohith/miniconda3/envs/IOOS/lib/python3.9/site-packages/nbclient/client.py", line 553, in async_execute
    await self.async_execute_cell(
  File "/home/lohith/miniconda3/envs/IOOS/lib/python3.9/site-packages/nbclient/client.py", line 857, in async_execute_cell
    self._check_raise_for_error(cell, exec_reply)
  File "/home/lohith/miniconda3/envs/IOOS/lib/python3.9/site-packages/nbclient/client.py", line 760, in _check_raise_for_error
    raise CellExecutionError.from_cell_and_msg(cell, exec_reply_content)
nbclient.exceptions.CellExecutionError: An error occurred while executing the following cell:
------------------
# Query the NCEI Geoportal and parse the georss response.

from lxml import etree

try:
    from urllib.request import urlopen
except ImportError:
    from urllib import urlopen

f = urlopen(url)  # Open georss response.
url_string = f.read()  # Read response into string.

# Create etree object from georss response.
url_root = etree.fromstring(url_string)
# Find all iso record links.
iso_record = url_root.findall("channel/item/link")
print("Found %i records" % len(iso_record))
for item in iso_record:
    print(item.text)  # URL to ISO19115-2 record.
------------------

[0;31m---------------------------------------------------------------------------[0m
[0;31mHTTPError[0m                                 Traceback (most recent call last)
[0;32m<ipython-input-4-d047eb9e8321>[0m in [0;36m<module>[0;34m[0m
[1;32m      8[0m     [0;32mfrom[0m [0murllib[0m [0;32mimport[0m [0murlopen[0m[0;34m[0m[0;34m[0m[0m
[1;32m      9[0m [0;34m[0m[0m
[0;32m---> 10[0;31m [0mf[0m [0;34m=[0m [0murlopen[0m[0;34m([0m[0murl[0m[0;34m)[0m  [0;31m# Open georss response.[0m[0;34m[0m[0;34m[0m[0m
[0m[1;32m     11[0m [0murl_string[0m [0;34m=[0m [0mf[0m[0;34m.[0m[0mread[0m[0;34m([0m[0;34m)[0m  [0;31m# Read response into string.[0m[0;34m[0m[0;34m[0m[0m
[1;32m     12[0m [0;34m[0m[0m

[0;32m~/miniconda3/envs/IOOS/lib/python3.9/urllib/request.py[0m in [0;36murlopen[0;34m(url, data, timeout, cafile, capath, cadefault, context)[0m
[1;32m    212[0m     [0;32melse[0m[0;34m:[0m[0;34m[0m[0;34m[0m[0m
[1;32m    213[0m         [0mopener[0m [0;34m=[0m [0m_opener[0m[0;34m[0m[0;34m[0m[0m
[0;32m--> 214[0;31m     [0;32mreturn[0m [0mopener[0m[0;34m.[0m[0mopen[0m[0;34m([0m[0murl[0m[0;34m,[0m [0mdata[0m[0;34m,[0m [0mtimeout[0m[0;34m)[0m[0;34m[0m[0;34m[0m[0m
[0m[1;32m    215[0m [0;34m[0m[0m
[1;32m    216[0m [0;32mdef[0m [0minstall_opener[0m[0;34m([0m[0mopener[0m[0;34m)[0m[0;34m:[0m[0;34m[0m[0;34m[0m[0m

[0;32m~/miniconda3/envs/IOOS/lib/python3.9/urllib/request.py[0m in [0;36mopen[0;34m(self, fullurl, data, timeout)[0m
[1;32m    521[0m         [0;32mfor[0m [0mprocessor[0m [0;32min[0m [0mself[0m[0;34m.[0m[0mprocess_response[0m[0;34m.[0m[0mget[0m[0;34m([0m[0mprotocol[0m[0;34m,[0m [0;34m[[0m[0;34m][0m[0;34m)[0m[0;34m:[0m[0;34m[0m[0;34m[0m[0m
[1;32m    522[0m             [0mmeth[0m [0;34m=[0m [0mgetattr[0m[0;34m([0m[0mprocessor[0m[0;34m,[0m [0mmeth_name[0m[0;34m)[0m[0;34m[0m[0;34m[0m[0m
[0;32m--> 523[0;31m             [0mresponse[0m [0;34m=[0m [0mmeth[0m[0;34m([0m[0mreq[0m[0;34m,[0m [0mresponse[0m[0;34m)[0m[0;34m[0m[0;34m[0m[0m
[0m[1;32m    524[0m [0;34m[0m[0m
[1;32m    525[0m         [0;32mreturn[0m [0mresponse[0m[0;34m[0m[0;34m[0m[0m

[0;32m~/miniconda3/envs/IOOS/lib/python3.9/urllib/request.py[0m in [0;36mhttp_response[0;34m(self, request, response)[0m
[1;32m    630[0m         [0;31m# request was successfully received, understood, and accepted.[0m[0;34m[0m[0;34m[0m[0;34m[0m[0m
[1;32m    631[0m         [0;32mif[0m [0;32mnot[0m [0;34m([0m[0;36m200[0m [0;34m<=[0m [0mcode[0m [0;34m<[0m [0;36m300[0m[0;34m)[0m[0;34m:[0m[0;34m[0m[0;34m[0m[0m
[0;32m--> 632[0;31m             response = self.parent.error(
[0m[1;32m    633[0m                 'http', request, response, code, msg, hdrs)
[1;32m    634[0m [0;34m[0m[0m

[0;32m~/miniconda3/envs/IOOS/lib/python3.9/urllib/request.py[0m in [0;36merror[0;34m(self, proto, *args)[0m
[1;32m    553[0m             [0mhttp_err[0m [0;34m=[0m [0;36m0[0m[0;34m[0m[0;34m[0m[0m
[1;32m    554[0m         [0margs[0m [0;34m=[0m [0;34m([0m[0mdict[0m[0;34m,[0m [0mproto[0m[0;34m,[0m [0mmeth_name[0m[0;34m)[0m [0;34m+[0m [0margs[0m[0;34m[0m[0;34m[0m[0m
[0;32m--> 555[0;31m         [0mresult[0m [0;34m=[0m [0mself[0m[0;34m.[0m[0m_call_chain[0m[0;34m([0m[0;34m*[0m[0margs[0m[0;34m)[0m[0;34m[0m[0;34m[0m[0m
[0m[1;32m    556[0m         [0;32mif[0m [0mresult[0m[0;34m:[0m[0;34m[0m[0;34m[0m[0m
[1;32m    557[0m             [0;32mreturn[0m [0mresult[0m[0;34m[0m[0;34m[0m[0m

[0;32m~/miniconda3/envs/IOOS/lib/python3.9/urllib/request.py[0m in [0;36m_call_chain[0;34m(self, chain, kind, meth_name, *args)[0m
[1;32m    492[0m         [0;32mfor[0m [0mhandler[0m [0;32min[0m [0mhandlers[0m[0;34m:[0m[0;34m[0m[0;34m[0m[0m
[1;32m    493[0m             [0mfunc[0m [0;34m=[0m [0mgetattr[0m[0;34m([0m[0mhandler[0m[0;34m,[0m [0mmeth_name[0m[0;34m)[0m[0;34m[0m[0;34m[0m[0m
[0;32m--> 494[0;31m             [0mresult[0m [0;34m=[0m [0mfunc[0m[0;34m([0m[0;34m*[0m[0margs[0m[0;34m)[0m[0;34m[0m[0;34m[0m[0m
[0m[1;32m    495[0m             [0;32mif[0m [0mresult[0m [0;32mis[0m [0;32mnot[0m [0;32mNone[0m[0;34m:[0m[0;34m[0m[0;34m[0m[0m
[1;32m    496[0m                 [0;32mreturn[0m [0mresult[0m[0;34m[0m[0;34m[0m[0m

[0;32m~/miniconda3/envs/IOOS/lib/python3.9/urllib/request.py[0m in [0;36mhttp_error_302[0;34m(self, req, fp, code, msg, headers)[0m
[1;32m    745[0m         [0mfp[0m[0;34m.[0m[0mclose[0m[0;34m([0m[0;34m)[0m[0;34m[0m[0;34m[0m[0m
[1;32m    746[0m [0;34m[0m[0m
[0;32m--> 747[0;31m         [0;32mreturn[0m [0mself[0m[0;34m.[0m[0mparent[0m[0;34m.[0m[0mopen[0m[0;34m([0m[0mnew[0m[0;34m,[0m [0mtimeout[0m[0;34m=[0m[0mreq[0m[0;34m.[0m[0mtimeout[0m[0;34m)[0m[0;34m[0m[0;34m[0m[0m
[0m[1;32m    748[0m [0;34m[0m[0m
[1;32m    749[0m     [0mhttp_error_301[0m [0;34m=[0m [0mhttp_error_303[0m [0;34m=[0m [0mhttp_error_307[0m [0;34m=[0m [0mhttp_error_302[0m[0;34m[0m[0;34m[0m[0m

[0;32m~/miniconda3/envs/IOOS/lib/python3.9/urllib/request.py[0m in [0;36mopen[0;34m(self, fullurl, data, timeout)[0m
[1;32m    521[0m         [0;32mfor[0m [0mprocessor[0m [0;32min[0m [0mself[0m[0;34m.[0m[0mprocess_response[0m[0;34m.[0m[0mget[0m[0;34m([0m[0mprotocol[0m[0;34m,[0m [0;34m[[0m[0;34m][0m[0;34m)[0m[0;34m:[0m[0;34m[0m[0;34m[0m[0m
[1;32m    522[0m             [0mmeth[0m [0;34m=[0m [0mgetattr[0m[0;34m([0m[0mprocessor[0m[0;34m,[0m [0mmeth_name[0m[0;34m)[0m[0;34m[0m[0;34m[0m[0m
[0;32m--> 523[0;31m             [0mresponse[0m [0;34m=[0m [0mmeth[0m[0;34m([0m[0mreq[0m[0;34m,[0m [0mresponse[0m[0;34m)[0m[0;34m[0m[0;34m[0m[0m
[0m[1;32m    524[0m [0;34m[0m[0m
[1;32m    525[0m         [0;32mreturn[0m [0mresponse[0m[0;34m[0m[0;34m[0m[0m

[0;32m~/miniconda3/envs/IOOS/lib/python3.9/urllib/request.py[0m in [0;36mhttp_response[0;34m(self, request, response)[0m
[1;32m    630[0m         [0;31m# request was successfully received, understood, and accepted.[0m[0;34m[0m[0;34m[0m[0;34m[0m[0m
[1;32m    631[0m         [0;32mif[0m [0;32mnot[0m [0;34m([0m[0;36m200[0m [0;34m<=[0m [0mcode[0m [0;34m<[0m [0;36m300[0m[0;34m)[0m[0;34m:[0m[0;34m[0m[0;34m[0m[0m
[0;32m--> 632[0;31m             response = self.parent.error(
[0m[1;32m    633[0m                 'http', request, response, code, msg, hdrs)
[1;32m    634[0m [0;34m[0m[0m

[0;32m~/miniconda3/envs/IOOS/lib/python3.9/urllib/request.py[0m in [0;36merror[0;34m(self, proto, *args)[0m
[1;32m    559[0m         [0;32mif[0m [0mhttp_err[0m[0;34m:[0m[0;34m[0m[0;34m[0m[0m
[1;32m    560[0m             [0margs[0m [0;34m=[0m [0;34m([0m[0mdict[0m[0;34m,[0m [0;34m'default'[0m[0;34m,[0m [0;34m'http_error_default'[0m[0;34m)[0m [0;34m+[0m [0morig_args[0m[0;34m[0m[0;34m[0m[0m
[0;32m--> 561[0;31m             [0;32mreturn[0m [0mself[0m[0;34m.[0m[0m_call_chain[0m[0;34m([0m[0;34m*[0m[0margs[0m[0;34m)[0m[0;34m[0m[0;34m[0m[0m
[0m[1;32m    562[0m [0;34m[0m[0m
[1;32m    563[0m [0;31m# XXX probably also want an abstract factory that knows when it makes[0m[0;34m[0m[0;34m[0m[0;34m[0m[0m

[0;32m~/miniconda3/envs/IOOS/lib/python3.9/urllib/request.py[0m in [0;36m_call_chain[0;34m(self, chain, kind, meth_name, *args)[0m
[1;32m    492[0m         [0;32mfor[0m [0mhandler[0m [0;32min[0m [0mhandlers[0m[0;34m:[0m[0;34m[0m[0;34m[0m[0m
[1;32m    493[0m             [0mfunc[0m [0;34m=[0m [0mgetattr[0m[0;34m([0m[0mhandler[0m[0;34m,[0m [0mmeth_name[0m[0;34m)[0m[0;34m[0m[0;34m[0m[0m
[0;32m--> 494[0;31m             [0mresult[0m [0;34m=[0m [0mfunc[0m[0;34m([0m[0;34m*[0m[0margs[0m[0;34m)[0m[0;34m[0m[0;34m[0m[0m
[0m[1;32m    495[0m             [0;32mif[0m [0mresult[0m [0;32mis[0m [0;32mnot[0m [0;32mNone[0m[0;34m:[0m[0;34m[0m[0;34m[0m[0m
[1;32m    496[0m                 [0;32mreturn[0m [0mresult[0m[0;34m[0m[0;34m[0m[0m

[0;32m~/miniconda3/envs/IOOS/lib/python3.9/urllib/request.py[0m in [0;36mhttp_error_default[0;34m(self, req, fp, code, msg, hdrs)[0m
[1;32m    639[0m [0;32mclass[0m [0mHTTPDefaultErrorHandler[0m[0;34m([0m[0mBaseHandler[0m[0;34m)[0m[0;34m:[0m[0;34m[0m[0;34m[0m[0m
[1;32m    640[0m     [0;32mdef[0m [0mhttp_error_default[0m[0;34m([0m[0mself[0m[0;34m,[0m [0mreq[0m[0;34m,[0m [0mfp[0m[0;34m,[0m [0mcode[0m[0;34m,[0m [0mmsg[0m[0;34m,[0m [0mhdrs[0m[0;34m)[0m[0;34m:[0m[0;34m[0m[0;34m[0m[0m
[0;32m--> 641[0;31m         [0;32mraise[0m [0mHTTPError[0m[0;34m([0m[0mreq[0m[0;34m.[0m[0mfull_url[0m[0;34m,[0m [0mcode[0m[0;34m,[0m [0mmsg[0m[0;34m,[0m [0mhdrs[0m[0;34m,[0m [0mfp[0m[0;34m)[0m[0;34m[0m[0;34m[0m[0m
[0m[1;32m    642[0m [0;34m[0m[0m
[1;32m    643[0m [0;32mclass[0m [0mHTTPRedirectHandler[0m[0;34m([0m[0mBaseHandler[0m[0;34m)[0m[0;34m:[0m[0;34m[0m[0;34m[0m[0m

[0;31mHTTPError[0m: HTTP Error 404: Not Found
HTTPError: HTTP Error 404: Not Found

